d:\tecnicatura unl\mod y alg para vj 1 2020\proyectos visual sfml\final_modalgvj_i\debug\vc143.pdb
d:\tecnicatura unl\mod y alg para vj 1 2020\proyectos visual sfml\final_modalgvj_i\debug\vc143.idb
d:\tecnicatura unl\mod y alg para vj 1 2020\proyectos visual sfml\final_modalgvj_i\debug\stdafx.obj
d:\tecnicatura unl\mod y alg para vj 1 2020\proyectos visual sfml\final_modalgvj_i\debug\phisicobject.obj
d:\tecnicatura unl\mod y alg para vj 1 2020\proyectos visual sfml\final_modalgvj_i\debug\game.obj
d:\tecnicatura unl\mod y alg para vj 1 2020\proyectos visual sfml\final_modalgvj_i\debug\finalmodalgvj_i.obj
d:\tecnicatura unl\mod y alg para vj 1 2020\proyectos visual sfml\final_modalgvj_i\debug\playership.obj
d:\tecnicatura unl\mod y alg para vj 1 2020\proyectos visual sfml\final_modalgvj_i\debug\asteroids.obj
d:\tecnicatura unl\mod y alg para vj 1 2020\proyectos visual sfml\final_modalgvj_i\debug\missile.obj
d:\tecnicatura unl\mod y alg para vj 1 2020\proyectos visual sfml\final_modalgvj_i\debug\animation.obj
d:\tecnicatura unl\mod y alg para vj 1 2020\proyectos visual sfml\final_modalgvj_i\debug\explosion.obj
d:\tecnicatura unl\mod y alg para vj 1 2020\proyectos visual sfml\final_modalgvj_i\debug\final_modalgvj_i.exe
d:\tecnicatura unl\mod y alg para vj 1 2020\proyectos visual sfml\final_modalgvj_i\debug\final_modalgvj_i.ilk
d:\tecnicatura unl\mod y alg para vj 1 2020\proyectos visual sfml\final_modalgvj_i\debug\final_modalgvj_i.pdb
d:\tecnicatura unl\mod y alg para vj 1 2020\proyectos visual sfml\final_modalgvj_i\debug\final_modalgvj_i.tlog\cl.command.1.tlog
d:\tecnicatura unl\mod y alg para vj 1 2020\proyectos visual sfml\final_modalgvj_i\debug\final_modalgvj_i.tlog\cl.read.1.tlog
d:\tecnicatura unl\mod y alg para vj 1 2020\proyectos visual sfml\final_modalgvj_i\debug\final_modalgvj_i.tlog\cl.write.1.tlog
d:\tecnicatura unl\mod y alg para vj 1 2020\proyectos visual sfml\final_modalgvj_i\debug\final_modalgvj_i.tlog\link.command.1.tlog
d:\tecnicatura unl\mod y alg para vj 1 2020\proyectos visual sfml\final_modalgvj_i\debug\final_modalgvj_i.tlog\link.read.1.tlog
d:\tecnicatura unl\mod y alg para vj 1 2020\proyectos visual sfml\final_modalgvj_i\debug\final_modalgvj_i.tlog\link.write.1.tlog
